2026-03-05 09:05:21.803 [main] INFO  com.migration.full.Main - ========================================
2026-03-05 09:05:21.805 [main] INFO  com.migration.full.Main - MySQL 数据库全量迁移工具启动
2026-03-05 09:05:21.806 [main] INFO  com.migration.full.Main - ========================================
2026-03-05 09:05:21.806 [main] INFO  com.migration.full.Main - 使用配置文件: config.properties
2026-03-05 09:05:21.808 [main] INFO  com.migration.full.Main - 源数据库: myapp_db
2026-03-05 09:05:21.809 [main] INFO  com.migration.full.Main - 目标数据库: myapp_db
2026-03-05 09:05:21.982 [main] DEBUG c.m.full.progress.ProgressDatabase - 进度表创建成功
2026-03-05 09:05:21.982 [main] INFO  c.m.full.progress.ProgressDatabase - 进度数据库初始化成功
2026-03-05 09:05:21.982 [main] INFO  c.m.full.progress.ProgressManager - 进度管理器已启用
2026-03-05 09:05:21.986 [main] INFO  com.migration.full.Main - 
========================================
2026-03-05 09:05:21.986 [main] INFO  com.migration.full.Main - 检测到未完成的迁移
2026-03-05 09:05:21.986 [main] INFO  com.migration.full.Main - ========================================
2026-03-05 09:05:21.989 [main] INFO  c.m.full.progress.ProgressManager - ========== 迁移进度摘要 ==========
2026-03-05 09:05:21.989 [main] INFO  c.m.full.progress.ProgressManager - 总表数: 1
2026-03-05 09:05:21.989 [main] INFO  c.m.full.progress.ProgressManager - 表: chinese_person_info, 状态: FAILED, 进度: 1998/5000 ({:.2f}%)
2026-03-05 09:05:21.989 [main] INFO  c.m.full.progress.ProgressManager - ----------------------------------
2026-03-05 09:05:21.989 [main] INFO  c.m.full.progress.ProgressManager - 已完成: 0, 进行中: 0, 失败: 1, 待处理: 0
2026-03-05 09:05:21.989 [main] INFO  c.m.full.progress.ProgressManager - ==================================
2026-03-05 09:05:21.989 [main] INFO  com.migration.full.Main - 将从上次中断的位置继续迁移

2026-03-05 09:05:22.052 [main] INFO  com.migration.db.DatabaseConnection - 成功连接到数据库: myapp_db
2026-03-05 09:05:22.063 [main] INFO  com.migration.db.DatabaseConnection - 成功连接到数据库: myapp_db
2026-03-05 09:05:22.066 [main] INFO  c.m.f.checkpoint.CheckpointRecorder - Checkpoint 数据库初始化成功: ./checkpoint/checkpoint
2026-03-05 09:05:22.067 [main] INFO  c.m.f.checkpoint.CheckpointRecorder - ========================================
2026-03-05 09:05:22.067 [main] INFO  c.m.f.checkpoint.CheckpointRecorder - 开始记录源数据库快照位点
2026-03-05 09:05:22.067 [main] INFO  c.m.f.checkpoint.CheckpointRecorder - ========================================
2026-03-05 09:05:22.073 [main] INFO  c.m.f.checkpoint.CheckpointRecorder - 当前 binlog 位置: binlog.000012:10928
2026-03-05 09:05:22.074 [main] INFO  c.m.f.checkpoint.CheckpointRecorder - 当前 GTID: a890051c-eb78-11f0-a60f-dafc9531d26a:1-34
2026-03-05 09:05:22.077 [main] INFO  c.m.f.checkpoint.CheckpointRecorder - 保存 Checkpoint 成功: BinlogPositionInfo{filename='binlog.000012', position=10928, gtid='a890051c-eb78-11f0-a60f-dafc9531d26a:1-34', timestamp=1772672722076}
2026-03-05 09:05:22.077 [main] INFO  c.m.f.checkpoint.CheckpointRecorder - ========================================
2026-03-05 09:05:22.077 [main] INFO  c.m.f.checkpoint.CheckpointRecorder - 源数据库快照位点记录完成
2026-03-05 09:05:22.077 [main] INFO  c.m.f.checkpoint.CheckpointRecorder - ========================================
2026-03-05 09:05:22.129 [main] INFO  c.m.f.checkpoint.CheckpointRecorder - Checkpoint 数据库连接已关闭
2026-03-05 09:05:22.137 [main] INFO  com.migration.db.DatabaseConnection - 成功连接到数据库: myapp_db
2026-03-05 09:05:22.150 [main] INFO  c.m.full.metadata.MetadataReader - 找到 2 个表
2026-03-05 09:05:22.161 [main] DEBUG c.m.full.metadata.MetadataReader - 表 chinese_person_info 的列信息: 11
2026-03-05 09:05:22.163 [main] DEBUG c.m.full.metadata.MetadataReader - 表 test1 的列信息: 2
2026-03-05 09:05:22.163 [main] INFO  com.migration.full.Main - 找到 2 个表需要迁移
2026-03-05 09:05:22.164 [main] INFO  com.migration.full.Main -   - chinese_person_info: 5000 行
2026-03-05 09:05:22.166 [main] INFO  com.migration.full.Main -   - test1: 7 行
2026-03-05 09:05:22.166 [main] INFO  com.migration.full.Main - 
========================================
2026-03-05 09:05:22.166 [main] INFO  com.migration.full.Main - 开始迁移表结构
2026-03-05 09:05:22.169 [main] INFO  com.migration.full.Main - ========================================
2026-03-05 09:05:22.169 [main] INFO  c.m.full.migration.SchemaMigration - 开始迁移表结构，共 2 个表
2026-03-05 09:05:22.184 [main] ERROR c.m.full.migration.SchemaMigration - 表 chinese_person_info 结构迁移失败，已忽略该错误继续执行
java.sql.SQLSyntaxErrorException: Table 'chinese_person_info' already exists
	at com.mysql.cj.jdbc.exceptions.SQLError.createSQLException(SQLError.java:121)
	at com.mysql.cj.jdbc.exceptions.SQLExceptionsMapping.translateException(SQLExceptionsMapping.java:122)
	at com.mysql.cj.jdbc.StatementImpl.executeInternal(StatementImpl.java:763)
	at com.mysql.cj.jdbc.StatementImpl.execute(StatementImpl.java:648)
	at com.migration.db.DatabaseConnection.execute(DatabaseConnection.java:70)
	at com.migration.full.migration.SchemaMigration.createTable(SchemaMigration.java:89)
	at com.migration.full.migration.SchemaMigration.migrateTable(SchemaMigration.java:68)
	at com.migration.full.migration.SchemaMigration.migrateAllTables(SchemaMigration.java:38)
	at com.migration.full.Main.main(Main.java:100)
2026-03-05 09:05:22.186 [main] ERROR c.m.full.migration.SchemaMigration - 表 test1 结构迁移失败，已忽略该错误继续执行
java.sql.SQLSyntaxErrorException: Table 'test1' already exists
	at com.mysql.cj.jdbc.exceptions.SQLError.createSQLException(SQLError.java:121)
	at com.mysql.cj.jdbc.exceptions.SQLExceptionsMapping.translateException(SQLExceptionsMapping.java:122)
	at com.mysql.cj.jdbc.StatementImpl.executeInternal(StatementImpl.java:763)
	at com.mysql.cj.jdbc.StatementImpl.execute(StatementImpl.java:648)
	at com.migration.db.DatabaseConnection.execute(DatabaseConnection.java:70)
	at com.migration.full.migration.SchemaMigration.createTable(SchemaMigration.java:89)
	at com.migration.full.migration.SchemaMigration.migrateTable(SchemaMigration.java:68)
	at com.migration.full.migration.SchemaMigration.migrateAllTables(SchemaMigration.java:38)
	at com.migration.full.Main.main(Main.java:100)
2026-03-05 09:05:22.186 [main] INFO  c.m.full.migration.SchemaMigration - 表结构迁移完成，成功: 0, 失败: 2
2026-03-05 09:05:22.186 [main] INFO  com.migration.full.Main - 表结构迁移完成
2026-03-05 09:05:22.186 [main] INFO  com.migration.full.Main - 
========================================
2026-03-05 09:05:22.186 [main] INFO  com.migration.full.Main - 开始迁移数据
2026-03-05 09:05:22.186 [main] INFO  com.migration.full.Main - ========================================
2026-03-05 09:05:22.186 [main] INFO  c.m.full.migration.DataMigration - 开始迁移数据，共 2 个表
2026-03-05 09:05:22.187 [main] INFO  c.m.full.migration.DataMigration - 开始迁移表 chinese_person_info 的数据，总行数: 5000
2026-03-05 09:05:22.189 [main] DEBUG c.m.full.progress.ProgressDatabase - 保存进度: MigrationProgress{table='chinese_person_info', status='IN_PROGRESS', progress=39.96% (1998/5000)}
2026-03-05 09:05:22.189 [main] INFO  c.m.full.progress.ProgressManager - 继续迁移: chinese_person_info, 已迁移: 1998/5000, 最后ID: 2000
2026-03-05 09:05:22.189 [main] INFO  c.m.full.migration.DataMigration - 从上次中断位置继续迁移，已迁移: 1998, 最后ID: 2000
2026-03-05 09:05:22.333 [main] ERROR c.m.full.migration.DataMigration - 插入数据失败，表: chinese_person_info, 行: 2997
java.sql.BatchUpdateException: Duplicate entry '3000' for key 'chinese_person_info.PRIMARY'
	at com.mysql.cj.jdbc.exceptions.SQLError.createBatchUpdateException(SQLError.java:224)
	at com.mysql.cj.jdbc.ClientPreparedStatement.executeBatchSerially(ClientPreparedStatement.java:816)
	at com.mysql.cj.jdbc.ClientPreparedStatement.executeBatchInternal(ClientPreparedStatement.java:418)
	at com.mysql.cj.jdbc.StatementImpl.executeBatch(StatementImpl.java:795)
	at com.migration.full.migration.DataMigration.migrateDataBatch(DataMigration.java:175)
	at com.migration.full.migration.DataMigration.migrateTableData(DataMigration.java:88)
	at com.migration.full.migration.DataMigration.migrateAllData(DataMigration.java:46)
	at com.migration.full.Main.main(Main.java:116)
Caused by: java.sql.SQLIntegrityConstraintViolationException: Duplicate entry '3000' for key 'chinese_person_info.PRIMARY'
	at com.mysql.cj.jdbc.exceptions.SQLError.createSQLException(SQLError.java:118)
	at com.mysql.cj.jdbc.exceptions.SQLExceptionsMapping.translateException(SQLExceptionsMapping.java:122)
	at com.mysql.cj.jdbc.ClientPreparedStatement.executeInternal(ClientPreparedStatement.java:916)
	at com.mysql.cj.jdbc.ClientPreparedStatement.executeUpdateInternal(ClientPreparedStatement.java:1061)
	at com.mysql.cj.jdbc.ClientPreparedStatement.executeBatchSerially(ClientPreparedStatement.java:795)
	... 6 common frames omitted
2026-03-05 09:05:22.334 [main] DEBUG c.m.full.progress.ProgressDatabase - 保存进度: MigrationProgress{table='chinese_person_info', status='IN_PROGRESS', progress=59.94% (2997/5000)}
2026-03-05 09:05:22.335 [main] ERROR c.m.full.migration.DataMigration - 表 chinese_person_info 数据迁移失败
java.sql.BatchUpdateException: Duplicate entry '3000' for key 'chinese_person_info.PRIMARY'
	at com.mysql.cj.jdbc.exceptions.SQLError.createBatchUpdateException(SQLError.java:224)
	at com.mysql.cj.jdbc.ClientPreparedStatement.executeBatchSerially(ClientPreparedStatement.java:816)
	at com.mysql.cj.jdbc.ClientPreparedStatement.executeBatchInternal(ClientPreparedStatement.java:418)
	at com.mysql.cj.jdbc.StatementImpl.executeBatch(StatementImpl.java:795)
	at com.migration.full.migration.DataMigration.migrateDataBatch(DataMigration.java:175)
	at com.migration.full.migration.DataMigration.migrateTableData(DataMigration.java:88)
	at com.migration.full.migration.DataMigration.migrateAllData(DataMigration.java:46)
	at com.migration.full.Main.main(Main.java:116)
Caused by: java.sql.SQLIntegrityConstraintViolationException: Duplicate entry '3000' for key 'chinese_person_info.PRIMARY'
	at com.mysql.cj.jdbc.exceptions.SQLError.createSQLException(SQLError.java:118)
	at com.mysql.cj.jdbc.exceptions.SQLExceptionsMapping.translateException(SQLExceptionsMapping.java:122)
	at com.mysql.cj.jdbc.ClientPreparedStatement.executeInternal(ClientPreparedStatement.java:916)
	at com.mysql.cj.jdbc.ClientPreparedStatement.executeUpdateInternal(ClientPreparedStatement.java:1061)
	at com.mysql.cj.jdbc.ClientPreparedStatement.executeBatchSerially(ClientPreparedStatement.java:795)
	... 6 common frames omitted
2026-03-05 09:05:22.336 [main] DEBUG c.m.full.progress.ProgressDatabase - 保存进度: MigrationProgress{table='chinese_person_info', status='FAILED', progress=59.94% (2997/5000)}
2026-03-05 09:05:22.336 [main] ERROR c.m.full.progress.ProgressManager - 迁移失败: chinese_person_info, 错误: Duplicate entry '3000' for key 'chinese_person_info.PRIMARY'
2026-03-05 09:05:22.336 [main] ERROR com.migration.full.Main - 数据库全量迁移失败
java.sql.BatchUpdateException: Duplicate entry '3000' for key 'chinese_person_info.PRIMARY'
	at com.mysql.cj.jdbc.exceptions.SQLError.createBatchUpdateException(SQLError.java:224)
	at com.mysql.cj.jdbc.ClientPreparedStatement.executeBatchSerially(ClientPreparedStatement.java:816)
	at com.mysql.cj.jdbc.ClientPreparedStatement.executeBatchInternal(ClientPreparedStatement.java:418)
	at com.mysql.cj.jdbc.StatementImpl.executeBatch(StatementImpl.java:795)
	at com.migration.full.migration.DataMigration.migrateDataBatch(DataMigration.java:175)
	at com.migration.full.migration.DataMigration.migrateTableData(DataMigration.java:88)
	at com.migration.full.migration.DataMigration.migrateAllData(DataMigration.java:46)
	at com.migration.full.Main.main(Main.java:116)
Caused by: java.sql.SQLIntegrityConstraintViolationException: Duplicate entry '3000' for key 'chinese_person_info.PRIMARY'
	at com.mysql.cj.jdbc.exceptions.SQLError.createSQLException(SQLError.java:118)
	at com.mysql.cj.jdbc.exceptions.SQLExceptionsMapping.translateException(SQLExceptionsMapping.java:122)
	at com.mysql.cj.jdbc.ClientPreparedStatement.executeInternal(ClientPreparedStatement.java:916)
	at com.mysql.cj.jdbc.ClientPreparedStatement.executeUpdateInternal(ClientPreparedStatement.java:1061)
	at com.mysql.cj.jdbc.ClientPreparedStatement.executeBatchSerially(ClientPreparedStatement.java:795)
	... 6 common frames omitted
2026-03-05 09:10:03.677 [main] INFO  com.migration.full.Main - ========================================
2026-03-05 09:10:03.677 [main] INFO  com.migration.full.Main - MySQL 数据库全量迁移工具启动
2026-03-05 09:10:03.677 [main] INFO  com.migration.full.Main - ========================================
2026-03-05 09:10:03.677 [main] INFO  com.migration.full.Main - 使用配置文件: config.properties
2026-03-05 09:10:03.678 [main] INFO  com.migration.full.Main - 源数据库: myapp_db
2026-03-05 09:10:03.679 [main] INFO  com.migration.full.Main - 目标数据库: myapp_db
2026-03-05 09:10:03.871 [main] DEBUG c.m.full.progress.ProgressDatabase - 进度表创建成功
2026-03-05 09:10:03.871 [main] INFO  c.m.full.progress.ProgressDatabase - 进度数据库初始化成功
2026-03-05 09:10:03.871 [main] INFO  c.m.full.progress.ProgressManager - 进度管理器已启用
2026-03-05 09:10:03.875 [main] INFO  com.migration.full.Main - 
========================================
2026-03-05 09:10:03.875 [main] INFO  com.migration.full.Main - 检测到未完成的迁移
2026-03-05 09:10:03.875 [main] INFO  com.migration.full.Main - ========================================
2026-03-05 09:10:03.877 [main] INFO  c.m.full.progress.ProgressManager - ========== 迁移进度摘要 ==========
2026-03-05 09:10:03.877 [main] INFO  c.m.full.progress.ProgressManager - 总表数: 1
2026-03-05 09:10:03.877 [main] INFO  c.m.full.progress.ProgressManager - 表: chinese_person_info, 状态: FAILED, 进度: 2997/5000 ({:.2f}%)
2026-03-05 09:10:03.877 [main] INFO  c.m.full.progress.ProgressManager - ----------------------------------
2026-03-05 09:10:03.877 [main] INFO  c.m.full.progress.ProgressManager - 已完成: 0, 进行中: 0, 失败: 1, 待处理: 0
2026-03-05 09:10:03.877 [main] INFO  c.m.full.progress.ProgressManager - ==================================
2026-03-05 09:10:03.877 [main] INFO  com.migration.full.Main - 将从上次中断的位置继续迁移

2026-03-05 09:10:03.935 [main] INFO  com.migration.db.DatabaseConnection - 成功连接到数据库: myapp_db
2026-03-05 09:10:03.945 [main] INFO  com.migration.db.DatabaseConnection - 成功连接到数据库: myapp_db
2026-03-05 09:10:03.948 [main] INFO  c.m.f.checkpoint.CheckpointRecorder - Checkpoint 数据库初始化成功: ./checkpoint/checkpoint
2026-03-05 09:10:03.948 [main] INFO  c.m.f.checkpoint.CheckpointRecorder - ========================================
2026-03-05 09:10:03.948 [main] INFO  c.m.f.checkpoint.CheckpointRecorder - 开始记录源数据库快照位点
2026-03-05 09:10:03.948 [main] INFO  c.m.f.checkpoint.CheckpointRecorder - ========================================
2026-03-05 09:10:03.954 [main] INFO  c.m.f.checkpoint.CheckpointRecorder - 当前 binlog 位置: binlog.000012:10928
2026-03-05 09:10:03.955 [main] INFO  c.m.f.checkpoint.CheckpointRecorder - 当前 GTID: a890051c-eb78-11f0-a60f-dafc9531d26a:1-34
2026-03-05 09:10:03.959 [main] INFO  c.m.f.checkpoint.CheckpointRecorder - 保存 Checkpoint 成功: BinlogPositionInfo{filename='binlog.000012', position=10928, gtid='a890051c-eb78-11f0-a60f-dafc9531d26a:1-34', timestamp=1772673003958}
2026-03-05 09:10:03.959 [main] INFO  c.m.f.checkpoint.CheckpointRecorder - ========================================
2026-03-05 09:10:03.959 [main] INFO  c.m.f.checkpoint.CheckpointRecorder - 源数据库快照位点记录完成
2026-03-05 09:10:03.959 [main] INFO  c.m.f.checkpoint.CheckpointRecorder - ========================================
2026-03-05 09:10:04.019 [main] INFO  c.m.f.checkpoint.CheckpointRecorder - Checkpoint 数据库连接已关闭
2026-03-05 09:10:04.023 [main] INFO  com.migration.db.DatabaseConnection - 成功连接到数据库: myapp_db
2026-03-05 09:10:04.031 [main] INFO  c.m.full.metadata.MetadataReader - 找到 2 个表
2026-03-05 09:10:04.038 [main] DEBUG c.m.full.metadata.MetadataReader - 表 chinese_person_info 的列信息: 11
2026-03-05 09:10:04.040 [main] DEBUG c.m.full.metadata.MetadataReader - 表 test1 的列信息: 2
2026-03-05 09:10:04.040 [main] INFO  com.migration.full.Main - 找到 2 个表需要迁移
2026-03-05 09:10:04.041 [main] INFO  com.migration.full.Main -   - chinese_person_info: 5000 行
2026-03-05 09:10:04.043 [main] INFO  com.migration.full.Main -   - test1: 7 行
2026-03-05 09:10:04.043 [main] INFO  com.migration.full.Main - 
========================================
2026-03-05 09:10:04.043 [main] INFO  com.migration.full.Main - 开始迁移表结构
2026-03-05 09:10:04.043 [main] INFO  com.migration.full.Main - ========================================
2026-03-05 09:10:04.043 [main] INFO  c.m.full.migration.SchemaMigration - 开始迁移表结构，共 2 个表
2026-03-05 09:10:04.060 [main] ERROR c.m.full.migration.SchemaMigration - 表 chinese_person_info 结构迁移失败，已忽略该错误继续执行
java.sql.SQLSyntaxErrorException: Table 'chinese_person_info' already exists
	at com.mysql.cj.jdbc.exceptions.SQLError.createSQLException(SQLError.java:121)
	at com.mysql.cj.jdbc.exceptions.SQLExceptionsMapping.translateException(SQLExceptionsMapping.java:122)
	at com.mysql.cj.jdbc.StatementImpl.executeInternal(StatementImpl.java:763)
	at com.mysql.cj.jdbc.StatementImpl.execute(StatementImpl.java:648)
	at com.migration.db.DatabaseConnection.execute(DatabaseConnection.java:70)
	at com.migration.full.migration.SchemaMigration.createTable(SchemaMigration.java:89)
	at com.migration.full.migration.SchemaMigration.migrateTable(SchemaMigration.java:68)
	at com.migration.full.migration.SchemaMigration.migrateAllTables(SchemaMigration.java:38)
	at com.migration.full.Main.main(Main.java:100)
2026-03-05 09:10:04.063 [main] ERROR c.m.full.migration.SchemaMigration - 表 test1 结构迁移失败，已忽略该错误继续执行
java.sql.SQLSyntaxErrorException: Table 'test1' already exists
	at com.mysql.cj.jdbc.exceptions.SQLError.createSQLException(SQLError.java:121)
	at com.mysql.cj.jdbc.exceptions.SQLExceptionsMapping.translateException(SQLExceptionsMapping.java:122)
	at com.mysql.cj.jdbc.StatementImpl.executeInternal(StatementImpl.java:763)
	at com.mysql.cj.jdbc.StatementImpl.execute(StatementImpl.java:648)
	at com.migration.db.DatabaseConnection.execute(DatabaseConnection.java:70)
	at com.migration.full.migration.SchemaMigration.createTable(SchemaMigration.java:89)
	at com.migration.full.migration.SchemaMigration.migrateTable(SchemaMigration.java:68)
	at com.migration.full.migration.SchemaMigration.migrateAllTables(SchemaMigration.java:38)
	at com.migration.full.Main.main(Main.java:100)
2026-03-05 09:10:04.063 [main] INFO  c.m.full.migration.SchemaMigration - 表结构迁移完成，成功: 0, 失败: 2
2026-03-05 09:10:04.063 [main] INFO  com.migration.full.Main - 表结构迁移完成
2026-03-05 09:10:04.063 [main] INFO  com.migration.full.Main - 
========================================
2026-03-05 09:10:04.063 [main] INFO  com.migration.full.Main - 开始迁移数据
2026-03-05 09:10:04.063 [main] INFO  com.migration.full.Main - ========================================
2026-03-05 09:10:04.063 [main] INFO  c.m.full.migration.DataMigration - 开始迁移数据，共 2 个表
2026-03-05 09:10:04.065 [main] INFO  c.m.full.migration.DataMigration - 开始迁移表 chinese_person_info 的数据，总行数: 5000
2026-03-05 09:10:04.066 [main] DEBUG c.m.full.progress.ProgressDatabase - 保存进度: MigrationProgress{table='chinese_person_info', status='IN_PROGRESS', progress=59.94% (2997/5000)}
2026-03-05 09:10:04.067 [main] INFO  c.m.full.progress.ProgressManager - 继续迁移: chinese_person_info, 已迁移: 2997/5000, 最后ID: 3000
2026-03-05 09:10:04.067 [main] INFO  c.m.full.migration.DataMigration - 从上次中断位置继续迁移，已迁移: 2997, 最后ID: 3000
2026-03-05 09:10:04.264 [main] ERROR c.m.full.migration.DataMigration - 插入数据失败，表: chinese_person_info, 行: 3996
java.sql.BatchUpdateException: Duplicate entry '4000' for key 'chinese_person_info.PRIMARY'
	at com.mysql.cj.jdbc.exceptions.SQLError.createBatchUpdateException(SQLError.java:224)
	at com.mysql.cj.jdbc.ClientPreparedStatement.executeBatchSerially(ClientPreparedStatement.java:816)
	at com.mysql.cj.jdbc.ClientPreparedStatement.executeBatchInternal(ClientPreparedStatement.java:418)
	at com.mysql.cj.jdbc.StatementImpl.executeBatch(StatementImpl.java:795)
	at com.migration.full.migration.DataMigration.migrateDataBatch(DataMigration.java:175)
	at com.migration.full.migration.DataMigration.migrateTableData(DataMigration.java:88)
	at com.migration.full.migration.DataMigration.migrateAllData(DataMigration.java:46)
	at com.migration.full.Main.main(Main.java:116)
Caused by: java.sql.SQLIntegrityConstraintViolationException: Duplicate entry '4000' for key 'chinese_person_info.PRIMARY'
	at com.mysql.cj.jdbc.exceptions.SQLError.createSQLException(SQLError.java:118)
	at com.mysql.cj.jdbc.exceptions.SQLExceptionsMapping.translateException(SQLExceptionsMapping.java:122)
	at com.mysql.cj.jdbc.ClientPreparedStatement.executeInternal(ClientPreparedStatement.java:916)
	at com.mysql.cj.jdbc.ClientPreparedStatement.executeUpdateInternal(ClientPreparedStatement.java:1061)
	at com.mysql.cj.jdbc.ClientPreparedStatement.executeBatchSerially(ClientPreparedStatement.java:795)
	... 6 common frames omitted
2026-03-05 09:10:04.265 [main] DEBUG c.m.full.progress.ProgressDatabase - 保存进度: MigrationProgress{table='chinese_person_info', status='IN_PROGRESS', progress=79.92% (3996/5000)}
2026-03-05 09:10:04.265 [main] ERROR c.m.full.migration.DataMigration - 表 chinese_person_info 数据迁移失败
java.sql.BatchUpdateException: Duplicate entry '4000' for key 'chinese_person_info.PRIMARY'
	at com.mysql.cj.jdbc.exceptions.SQLError.createBatchUpdateException(SQLError.java:224)
	at com.mysql.cj.jdbc.ClientPreparedStatement.executeBatchSerially(ClientPreparedStatement.java:816)
	at com.mysql.cj.jdbc.ClientPreparedStatement.executeBatchInternal(ClientPreparedStatement.java:418)
	at com.mysql.cj.jdbc.StatementImpl.executeBatch(StatementImpl.java:795)
	at com.migration.full.migration.DataMigration.migrateDataBatch(DataMigration.java:175)
	at com.migration.full.migration.DataMigration.migrateTableData(DataMigration.java:88)
	at com.migration.full.migration.DataMigration.migrateAllData(DataMigration.java:46)
	at com.migration.full.Main.main(Main.java:116)
Caused by: java.sql.SQLIntegrityConstraintViolationException: Duplicate entry '4000' for key 'chinese_person_info.PRIMARY'
	at com.mysql.cj.jdbc.exceptions.SQLError.createSQLException(SQLError.java:118)
	at com.mysql.cj.jdbc.exceptions.SQLExceptionsMapping.translateException(SQLExceptionsMapping.java:122)
	at com.mysql.cj.jdbc.ClientPreparedStatement.executeInternal(ClientPreparedStatement.java:916)
	at com.mysql.cj.jdbc.ClientPreparedStatement.executeUpdateInternal(ClientPreparedStatement.java:1061)
	at com.mysql.cj.jdbc.ClientPreparedStatement.executeBatchSerially(ClientPreparedStatement.java:795)
	... 6 common frames omitted
2026-03-05 09:10:04.266 [main] DEBUG c.m.full.progress.ProgressDatabase - 保存进度: MigrationProgress{table='chinese_person_info', status='FAILED', progress=79.92% (3996/5000)}
2026-03-05 09:10:04.266 [main] ERROR c.m.full.progress.ProgressManager - 迁移失败: chinese_person_info, 错误: Duplicate entry '4000' for key 'chinese_person_info.PRIMARY'
2026-03-05 09:10:04.266 [main] ERROR com.migration.full.Main - 数据库全量迁移失败
java.sql.BatchUpdateException: Duplicate entry '4000' for key 'chinese_person_info.PRIMARY'
	at com.mysql.cj.jdbc.exceptions.SQLError.createBatchUpdateException(SQLError.java:224)
	at com.mysql.cj.jdbc.ClientPreparedStatement.executeBatchSerially(ClientPreparedStatement.java:816)
	at com.mysql.cj.jdbc.ClientPreparedStatement.executeBatchInternal(ClientPreparedStatement.java:418)
	at com.mysql.cj.jdbc.StatementImpl.executeBatch(StatementImpl.java:795)
	at com.migration.full.migration.DataMigration.migrateDataBatch(DataMigration.java:175)
	at com.migration.full.migration.DataMigration.migrateTableData(DataMigration.java:88)
	at com.migration.full.migration.DataMigration.migrateAllData(DataMigration.java:46)
	at com.migration.full.Main.main(Main.java:116)
Caused by: java.sql.SQLIntegrityConstraintViolationException: Duplicate entry '4000' for key 'chinese_person_info.PRIMARY'
	at com.mysql.cj.jdbc.exceptions.SQLError.createSQLException(SQLError.java:118)
	at com.mysql.cj.jdbc.exceptions.SQLExceptionsMapping.translateException(SQLExceptionsMapping.java:122)
	at com.mysql.cj.jdbc.ClientPreparedStatement.executeInternal(ClientPreparedStatement.java:916)
	at com.mysql.cj.jdbc.ClientPreparedStatement.executeUpdateInternal(ClientPreparedStatement.java:1061)
	at com.mysql.cj.jdbc.ClientPreparedStatement.executeBatchSerially(ClientPreparedStatement.java:795)
	... 6 common frames omitted
